{"C:\\Users\\chand\\OneDrive\\Desktop\\namaste-react\\src\\components\\Body.js": {"path":"C:\\Users\\chand\\OneDrive\\Desktop\\namaste-react\\src\\components\\Body.js","statementMap":{"0":{"start":{"line":7,"column":11},"end":{"line":109,"column":2}},"1":{"start":{"line":10,"column":50},"end":{"line":10,"column":62}},"2":{"start":{"line":11,"column":54},"end":{"line":11,"column":66}},"3":{"start":{"line":12,"column":38},"end":{"line":12,"column":50}},"4":{"start":{"line":13,"column":33},"end":{"line":13,"column":66}},"5":{"start":{"line":17,"column":2},"end":{"line":19,"column":11}},"6":{"start":{"line":18,"column":6},"end":{"line":18,"column":18}},"7":{"start":{"line":20,"column":23},"end":{"line":29,"column":3}},"8":{"start":{"line":21,"column":19},"end":{"line":23,"column":7}},"9":{"start":{"line":24,"column":19},"end":{"line":24,"column":36}},"10":{"start":{"line":27,"column":4},"end":{"line":27,"column":100}},"11":{"start":{"line":28,"column":4},"end":{"line":28,"column":102}},"12":{"start":{"line":30,"column":21},"end":{"line":30,"column":38}},"13":{"start":{"line":32,"column":0},"end":{"line":37,"column":2}},"14":{"start":{"line":33,"column":2},"end":{"line":37,"column":2}},"15":{"start":{"line":38,"column":37},"end":{"line":38,"column":60}},"16":{"start":{"line":41,"column":2},"end":{"line":108,"column":6}},"17":{"start":{"line":53,"column":12},"end":{"line":53,"column":42}},"18":{"start":{"line":59,"column":10},"end":{"line":59,"column":34}},"19":{"start":{"line":60,"column":36},"end":{"line":62,"column":15}},"20":{"start":{"line":61,"column":13},"end":{"line":61,"column":75}},"21":{"start":{"line":63,"column":14},"end":{"line":63,"column":56}},"22":{"start":{"line":73,"column":37},"end":{"line":75,"column":17}},"23":{"start":{"line":74,"column":27},"end":{"line":74,"column":51}},"24":{"start":{"line":76,"column":16},"end":{"line":76,"column":52}},"25":{"start":{"line":87,"column":26},"end":{"line":87,"column":53}},"26":{"start":{"line":93,"column":13},"end":{"line":103,"column":21}}},"fnMap":{"0":{"name":"(anonymous_0)","decl":{"start":{"line":7,"column":11},"end":{"line":7,"column":12}},"loc":{"start":{"line":7,"column":15},"end":{"line":109,"column":2}},"line":7},"1":{"name":"(anonymous_1)","decl":{"start":{"line":17,"column":12},"end":{"line":17,"column":13}},"loc":{"start":{"line":17,"column":16},"end":{"line":19,"column":5}},"line":17},"2":{"name":"(anonymous_2)","decl":{"start":{"line":20,"column":23},"end":{"line":20,"column":24}},"loc":{"start":{"line":20,"column":33},"end":{"line":29,"column":3}},"line":20},"3":{"name":"(anonymous_3)","decl":{"start":{"line":52,"column":22},"end":{"line":52,"column":23}},"loc":{"start":{"line":52,"column":27},"end":{"line":54,"column":13}},"line":52},"4":{"name":"(anonymous_4)","decl":{"start":{"line":57,"column":21},"end":{"line":57,"column":22}},"loc":{"start":{"line":57,"column":25},"end":{"line":64,"column":11}},"line":57},"5":{"name":"(anonymous_5)","decl":{"start":{"line":60,"column":61},"end":{"line":60,"column":62}},"loc":{"start":{"line":61,"column":13},"end":{"line":61,"column":75}},"line":61},"6":{"name":"(anonymous_6)","decl":{"start":{"line":72,"column":23},"end":{"line":72,"column":24}},"loc":{"start":{"line":72,"column":27},"end":{"line":77,"column":15}},"line":72},"7":{"name":"(anonymous_7)","decl":{"start":{"line":74,"column":18},"end":{"line":74,"column":19}},"loc":{"start":{"line":74,"column":27},"end":{"line":74,"column":51}},"line":74},"8":{"name":"(anonymous_8)","decl":{"start":{"line":87,"column":20},"end":{"line":87,"column":21}},"loc":{"start":{"line":87,"column":26},"end":{"line":87,"column":53}},"line":87},"9":{"name":"(anonymous_9)","decl":{"start":{"line":92,"column":36},"end":{"line":92,"column":37}},"loc":{"start":{"line":93,"column":13},"end":{"line":103,"column":21}},"line":93}},"branchMap":{"0":{"loc":{"start":{"line":32,"column":0},"end":{"line":37,"column":2}},"type":"if","locations":[{"start":{"line":32,"column":0},"end":{"line":37,"column":2}},{"start":{},"end":{}}],"line":32},"1":{"loc":{"start":{"line":41,"column":9},"end":{"line":108,"column":5}},"type":"cond-expr","locations":[{"start":{"line":42,"column":4},"end":{"line":42,"column":14}},{"start":{"line":44,"column":5},"end":{"line":106,"column":11}}],"line":41},"2":{"loc":{"start":{"line":97,"column":14},"end":{"line":102,"column":14}},"type":"cond-expr","locations":[{"start":{"line":99,"column":14},"end":{"line":99,"column":61}},{"start":{"line":101,"column":14},"end":{"line":101,"column":52}}],"line":97}},"s":{"0":1,"1":4,"2":4,"3":4,"4":4,"5":4,"6":1,"7":4,"8":1,"9":1,"10":1,"11":1,"12":4,"13":4,"14":0,"15":4,"16":4,"17":1,"18":1,"19":1,"20":8,"21":1,"22":0,"23":0,"24":0,"25":0,"26":17},"f":{"0":4,"1":1,"2":1,"3":1,"4":1,"5":8,"6":0,"7":0,"8":0,"9":17},"b":{"0":[0,4],"1":[1,3],"2":[0,17]},"_coverageSchema":"1a1c01bbd47fc00a2c39e90264f33305004495a9","hash":"ee1a239e91bf2405deba411b847ef2ef91faddd0"}
,"C:\\Users\\chand\\OneDrive\\Desktop\\namaste-react\\src\\components\\Contact.js": {"path":"C:\\Users\\chand\\OneDrive\\Desktop\\namaste-react\\src\\components\\Contact.js","statementMap":{"0":{"start":{"line":1,"column":16},"end":{"line":20,"column":1}},"1":{"start":{"line":2,"column":2},"end":{"line":19,"column":4}}},"fnMap":{"0":{"name":"(anonymous_0)","decl":{"start":{"line":1,"column":16},"end":{"line":1,"column":17}},"loc":{"start":{"line":1,"column":22},"end":{"line":20,"column":1}},"line":1}},"branchMap":{},"s":{"0":1,"1":4},"f":{"0":4},"b":{},"_coverageSchema":"1a1c01bbd47fc00a2c39e90264f33305004495a9","hash":"16aaba307ffdd53a0d0316342089efc0fb0a5778"}
,"C:\\Users\\chand\\OneDrive\\Desktop\\namaste-react\\src\\components\\Header.js": {"path":"C:\\Users\\chand\\OneDrive\\Desktop\\namaste-react\\src\\components\\Header.js","statementMap":{"0":{"start":{"line":7,"column":13},"end":{"line":55,"column":1}},"1":{"start":{"line":8,"column":42},"end":{"line":8,"column":59}},"2":{"start":{"line":9,"column":22},"end":{"line":9,"column":39}},"3":{"start":{"line":10,"column":24},"end":{"line":10,"column":47}},"4":{"start":{"line":13,"column":21},"end":{"line":13,"column":61}},"5":{"start":{"line":13,"column":44},"end":{"line":13,"column":60}},"6":{"start":{"line":14,"column":3},"end":{"line":54,"column":6}},"7":{"start":{"line":42,"column":14},"end":{"line":44,"column":40}}},"fnMap":{"0":{"name":"(anonymous_0)","decl":{"start":{"line":7,"column":13},"end":{"line":7,"column":14}},"loc":{"start":{"line":7,"column":17},"end":{"line":55,"column":1}},"line":7},"1":{"name":"(anonymous_1)","decl":{"start":{"line":13,"column":33},"end":{"line":13,"column":34}},"loc":{"start":{"line":13,"column":44},"end":{"line":13,"column":60}},"line":13},"2":{"name":"(anonymous_2)","decl":{"start":{"line":41,"column":22},"end":{"line":41,"column":23}},"loc":{"start":{"line":41,"column":26},"end":{"line":45,"column":13}},"line":41}},"branchMap":{"0":{"loc":{"start":{"line":22,"column":28},"end":{"line":22,"column":53}},"type":"cond-expr","locations":[{"start":{"line":22,"column":43},"end":{"line":22,"column":46}},{"start":{"line":22,"column":49},"end":{"line":22,"column":53}}],"line":22},"1":{"loc":{"start":{"line":42,"column":14},"end":{"line":44,"column":40}},"type":"cond-expr","locations":[{"start":{"line":43,"column":16},"end":{"line":43,"column":41}},{"start":{"line":44,"column":16},"end":{"line":44,"column":40}}],"line":42}},"s":{"0":1,"1":6,"2":6,"3":6,"4":6,"5":10,"6":6,"7":2},"f":{"0":6,"1":10,"2":2},"b":{"0":[6,0],"1":[1,1]},"_coverageSchema":"1a1c01bbd47fc00a2c39e90264f33305004495a9","hash":"b79a2559188c594bb8eaddad181eeb8cdcfc6119"}
,"C:\\Users\\chand\\OneDrive\\Desktop\\namaste-react\\src\\components\\RestaurantCard.js": {"path":"C:\\Users\\chand\\OneDrive\\Desktop\\namaste-react\\src\\components\\RestaurantCard.js","statementMap":{"0":{"start":{"line":5,"column":22},"end":{"line":33,"column":1}},"1":{"start":{"line":6,"column":20},"end":{"line":6,"column":25}},"2":{"start":{"line":7,"column":23},"end":{"line":7,"column":46}},"3":{"start":{"line":15,"column":8},"end":{"line":15,"column":21}},"4":{"start":{"line":16,"column":4},"end":{"line":32,"column":6}},"5":{"start":{"line":36,"column":34},"end":{"line":45,"column":1}},"6":{"start":{"line":37,"column":4},"end":{"line":44,"column":6}},"7":{"start":{"line":38,"column":8},"end":{"line":43,"column":10}}},"fnMap":{"0":{"name":"(anonymous_0)","decl":{"start":{"line":5,"column":22},"end":{"line":5,"column":23}},"loc":{"start":{"line":5,"column":31},"end":{"line":33,"column":1}},"line":5},"1":{"name":"(anonymous_1)","decl":{"start":{"line":36,"column":34},"end":{"line":36,"column":35}},"loc":{"start":{"line":36,"column":53},"end":{"line":45,"column":1}},"line":36},"2":{"name":"(anonymous_2)","decl":{"start":{"line":37,"column":11},"end":{"line":37,"column":12}},"loc":{"start":{"line":37,"column":20},"end":{"line":44,"column":5}},"line":37}},"branchMap":{},"s":{"0":2,"1":18,"2":18,"3":18,"4":18,"5":2,"6":4,"7":0},"f":{"0":18,"1":4,"2":0},"b":{},"_coverageSchema":"1a1c01bbd47fc00a2c39e90264f33305004495a9","hash":"80d1415afb6b66e23fe552e6efeb7bfb2fe81a43"}
,"C:\\Users\\chand\\OneDrive\\Desktop\\namaste-react\\src\\components\\Shimmer.js": {"path":"C:\\Users\\chand\\OneDrive\\Desktop\\namaste-react\\src\\components\\Shimmer.js","statementMap":{"0":{"start":{"line":1,"column":14},"end":{"line":13,"column":1}},"1":{"start":{"line":2,"column":4},"end":{"line":12,"column":6}}},"fnMap":{"0":{"name":"(anonymous_0)","decl":{"start":{"line":1,"column":14},"end":{"line":1,"column":15}},"loc":{"start":{"line":1,"column":18},"end":{"line":13,"column":1}},"line":1}},"branchMap":{},"s":{"0":1,"1":1},"f":{"0":1},"b":{},"_coverageSchema":"1a1c01bbd47fc00a2c39e90264f33305004495a9","hash":"e8d758af168183fc7fc8de5f07f0fbb18abca2b8"}
,"C:\\Users\\chand\\OneDrive\\Desktop\\namaste-react\\src\\utils\\UserContext.js": {"path":"C:\\Users\\chand\\OneDrive\\Desktop\\namaste-react\\src\\utils\\UserContext.js","statementMap":{"0":{"start":{"line":2,"column":20},"end":{"line":4,"column":2}}},"fnMap":{},"branchMap":{},"s":{"0":3},"f":{},"b":{},"_coverageSchema":"1a1c01bbd47fc00a2c39e90264f33305004495a9","hash":"da6612110dfa6a982ec551cc3efa63006b9045c2"}
,"C:\\Users\\chand\\OneDrive\\Desktop\\namaste-react\\src\\utils\\appStore.js": {"path":"C:\\Users\\chand\\OneDrive\\Desktop\\namaste-react\\src\\utils\\appStore.js","statementMap":{"0":{"start":{"line":1,"column":27},"end":{"line":1,"column":54}},"1":{"start":{"line":4,"column":17},"end":{"line":8,"column":2}}},"fnMap":{},"branchMap":{},"s":{"0":1,"1":1},"f":{},"b":{},"_coverageSchema":"1a1c01bbd47fc00a2c39e90264f33305004495a9","hash":"56ba81a47aab229fb92241ca9946eac5ee40be5c"}
,"C:\\Users\\chand\\OneDrive\\Desktop\\namaste-react\\src\\utils\\cartSlice.js": {"path":"C:\\Users\\chand\\OneDrive\\Desktop\\namaste-react\\src\\utils\\cartSlice.js","statementMap":{"0":{"start":{"line":3,"column":17},"end":{"line":20,"column":2}},"1":{"start":{"line":11,"column":8},"end":{"line":11,"column":41}},"2":{"start":{"line":14,"column":8},"end":{"line":14,"column":26}},"3":{"start":{"line":17,"column":10},"end":{"line":17,"column":33}},"4":{"start":{"line":22,"column":47},"end":{"line":22,"column":64}}},"fnMap":{"0":{"name":"(anonymous_0)","decl":{"start":{"line":9,"column":16},"end":{"line":9,"column":17}},"loc":{"start":{"line":9,"column":34},"end":{"line":12,"column":8}},"line":9},"1":{"name":"(anonymous_1)","decl":{"start":{"line":13,"column":19},"end":{"line":13,"column":20}},"loc":{"start":{"line":13,"column":29},"end":{"line":15,"column":8}},"line":13},"2":{"name":"(anonymous_2)","decl":{"start":{"line":16,"column":18},"end":{"line":16,"column":19}},"loc":{"start":{"line":16,"column":28},"end":{"line":18,"column":8}},"line":16}},"branchMap":{},"s":{"0":1,"1":0,"2":0,"3":0,"4":1},"f":{"0":0,"1":0,"2":0},"b":{},"_coverageSchema":"1a1c01bbd47fc00a2c39e90264f33305004495a9","hash":"f17f6fa2b27b3856e1888e37cd202a0a4dc9870d"}
,"C:\\Users\\chand\\OneDrive\\Desktop\\namaste-react\\src\\utils\\constants.js": {"path":"C:\\Users\\chand\\OneDrive\\Desktop\\namaste-react\\src\\utils\\constants.js","statementMap":{"0":{"start":{"line":2,"column":0},"end":{"line":2,"column":83}},"1":{"start":{"line":5,"column":0},"end":{"line":5,"column":123}},"2":{"start":{"line":8,"column":1},"end":{"line":8,"column":123}}},"fnMap":{},"branchMap":{},"s":{"0":3,"1":3,"2":3},"f":{},"b":{},"_coverageSchema":"1a1c01bbd47fc00a2c39e90264f33305004495a9","hash":"937a4c34d76e7750a8f2403d06bf4305f628ee41"}
,"C:\\Users\\chand\\OneDrive\\Desktop\\namaste-react\\src\\utils\\useOnlineStatus.js": {"path":"C:\\Users\\chand\\OneDrive\\Desktop\\namaste-react\\src\\utils\\useOnlineStatus.js","statementMap":{"0":{"start":{"line":3,"column":24},"end":{"line":17,"column":1}},"1":{"start":{"line":4,"column":43},"end":{"line":4,"column":57}},"2":{"start":{"line":6,"column":4},"end":{"line":13,"column":10}},"3":{"start":{"line":7,"column":5},"end":{"line":9,"column":15}},"4":{"start":{"line":8,"column":11},"end":{"line":8,"column":34}},"5":{"start":{"line":10,"column":5},"end":{"line":12,"column":15}},"6":{"start":{"line":11,"column":10},"end":{"line":11,"column":32}},"7":{"start":{"line":16,"column":4},"end":{"line":16,"column":24}}},"fnMap":{"0":{"name":"(anonymous_0)","decl":{"start":{"line":3,"column":24},"end":{"line":3,"column":25}},"loc":{"start":{"line":3,"column":28},"end":{"line":17,"column":1}},"line":3},"1":{"name":"(anonymous_1)","decl":{"start":{"line":6,"column":14},"end":{"line":6,"column":15}},"loc":{"start":{"line":6,"column":18},"end":{"line":13,"column":5}},"line":6},"2":{"name":"(anonymous_2)","decl":{"start":{"line":7,"column":40},"end":{"line":7,"column":41}},"loc":{"start":{"line":7,"column":44},"end":{"line":9,"column":13}},"line":7},"3":{"name":"(anonymous_3)","decl":{"start":{"line":10,"column":39},"end":{"line":10,"column":40}},"loc":{"start":{"line":10,"column":43},"end":{"line":12,"column":13}},"line":10}},"branchMap":{},"s":{"0":2,"1":10,"2":10,"3":5,"4":0,"5":5,"6":0,"7":10},"f":{"0":10,"1":5,"2":0,"3":0},"b":{},"_coverageSchema":"1a1c01bbd47fc00a2c39e90264f33305004495a9","hash":"d3ea73ddeed657bc9f2bc1c9a941e2f7ddc2ef76"}
}
